<?xml version="1.0" encoding="UTF-8"?>
<testng-results skipped="0" failed="0" ignored="0" total="1" passed="1">
  <reporter-output>
  </reporter-output>
  <suite name="Default suite" duration-ms="41470" started-at="2020-09-06T23:29:26 IST" finished-at="2020-09-06T23:30:08 IST">
    <groups>
    </groups>
    <test name="Default test" duration-ms="41470" started-at="2020-09-06T23:29:26 IST" finished-at="2020-09-06T23:30:08 IST">
      <class name="tests.LoginTest">
        <test-method status="PASS" signature="TestFireFox()[pri:0, instance:tests.LoginTest@72b6cbcc]" name="TestFireFox" duration-ms="41306" started-at="2020-09-06T23:29:26 IST" finished-at="2020-09-06T23:30:08 IST">
          <reporter-output>
          </reporter-output>
        </test-method> <!-- TestFireFox -->
      </class> <!-- tests.LoginTest -->
    </test> <!-- Default test -->
  </suite> <!-- Default suite -->
</testng-results>
